<?xml version="1.0" encoding="UTF-8"?>
<!-- Generated by org.testng.reporters.JUnitXMLReporter -->
<testsuite hostname="Pushpak-PC" name="Login" tests="3" failures="0" timestamp="19 Mar 2017 14:58:32 GMT" time="54.767" errors="0">
  <testcase name="browseToUrl" time="14.064" classname="com.phptravels.testCases.Login"/>
  <testcase name="loginToApplication" time="5.046" classname="com.phptravels.testCases.Login"/>
  <testcase name="logout" time="2.045" classname="com.phptravels.testCases.Login"/>
</testsuite> <!-- Login -->
