<?xml version="1.0" encoding="UTF-8"?>
<!-- Generated by org.testng.reporters.JUnitXMLReporter -->
<testsuite hostname="Pushpak-PC" name="Login" tests="3" failures="0" timestamp="19 Mar 2017 14:28:35 GMT" time="28.341" errors="0">
  <testcase name="browseToUrl" time="9.419" classname="com.phptravels.testCases.Login"/>
  <testcase name="loginToApplication" time="4.155" classname="com.phptravels.testCases.Login"/>
  <testcase name="logout" time="2.172" classname="com.phptravels.testCases.Login"/>
</testsuite> <!-- Login -->
