<?xml version="1.0" encoding="UTF-8"?>
<testng-results skipped="0" failed="0" total="2" passed="2">
  <reporter-output>
  </reporter-output>
  <suite name="Suite1" duration-ms="32668" started-at="2017-03-23T07:50:06Z" finished-at="2017-03-23T07:50:38Z">
    <groups>
    </groups>
    <test name="Login" duration-ms="32668" started-at="2017-03-23T07:50:06Z" finished-at="2017-03-23T07:50:38Z">
      <class name="com.phptravels.testCases.Login">
        <test-method status="PASS" signature="LaunchBrowser()[pri:0, instance:com.phptravels.testCases.Login@d80b78]" name="LaunchBrowser" is-config="true" duration-ms="18146" started-at="2017-03-23T13:20:06Z" finished-at="2017-03-23T13:20:24Z">
          <reporter-output>
          </reporter-output>
        </test-method> <!-- LaunchBrowser -->
        <test-method status="PASS" signature="browseToUrl()[pri:0, instance:com.phptravels.testCases.Login@d80b78]" name="browseToUrl" duration-ms="8958" started-at="2017-03-23T13:20:24Z" finished-at="2017-03-23T13:20:33Z">
          <reporter-output>
          </reporter-output>
        </test-method> <!-- browseToUrl -->
        <test-method status="PASS" signature="loginToApplication()[pri:0, instance:com.phptravels.testCases.Login@d80b78]" name="loginToApplication" duration-ms="5429" started-at="2017-03-23T13:20:33Z" finished-at="2017-03-23T13:20:38Z">
          <reporter-output>
          </reporter-output>
        </test-method> <!-- loginToApplication -->
      </class> <!-- com.phptravels.testCases.Login -->
    </test> <!-- Login -->
  </suite> <!-- Suite1 -->
</testng-results>
